{
  "stats": {
    "suites": 1,
    "tests": 1,
    "passes": 1,
    "pending": 0,
    "failures": 0,
    "start": "2021-07-19T19:40:56.231Z",
    "end": "2021-07-19T19:41:15.849Z",
    "duration": 19618,
    "testsRegistered": 1,
    "passPercent": 100,
    "pendingPercent": 0,
    "other": 0,
    "hasOther": false,
    "skipped": 0,
    "hasSkipped": false
  },
  "results": [
    {
      "uuid": "39052786-1df7-41ec-b3bb-da4a87757957",
      "title": "",
      "fullFile": "cypress/integration/2-CreateContract.spec.js",
      "file": "cypress/integration/2-CreateContract.spec.js",
      "beforeHooks": [],
      "afterHooks": [],
      "tests": [],
      "suites": [
        {
          "uuid": "7b62a468-59d3-4ba6-8ab2-8c9badd9d128",
          "title": "New Contract",
          "fullFile": "",
          "file": "",
          "beforeHooks": [],
          "afterHooks": [],
          "tests": [
            {
              "title": "Create a new Fixed contract",
              "fullTitle": "New Contract Create a new Fixed contract",
              "timedOut": null,
              "duration": 19511,
              "state": "passed",
              "speed": "slow",
              "pass": true,
              "fail": false,
              "pending": false,
              "context": null,
              "code": "var login = \"silvafar@gmail.com\";\nvar password = \"Simone@Helo01\";\ncy.xpath('//input[@name=\"email\"]').type(login);\ncy.xpath('//input[@name=\"password\"]').type(password);\ncy.xpath('//button[@type=\"submit\"]').click();\ncy.xpath('//button[@data-qa=\"close\"]').should('be.visible').click();\ncy.xpath('//h1[@data-qa=\"heading\"]').should('be.visible'); //Create a new Contract   \ncy.xpath('//p[contains(.,\"Create a Contract\")]').click();\ncy.xpath('//h4[contains(.,\"Fixed Rate\")]').click(); //data        \nvar name = \"Contract Test001\";\nvar title = \"Quality Assurance Engineer\";\nvar rate = \"1000\";\nvar currency = \"GBP - British Pound\";\nvar per = \"Week\";\nvar country = \"United State\";\nvar state = \"Colorado\";\nvar clause = \"This is an automated test written in Cypress by tester Simone\"; //Fill out Fixed Contract Page\ncy.creatingFixedContract(name, title); //Fill out Define the rate Page\ncy.defineRate(rate, currency, per); //next\ncy.xpath('(//div[contains(.,\"next\")])[6]').click();\ncy.xpath('(//div[contains(.,\"next\")])[8]').click(); //Add a Special Clause\ncy.specialClause(clause); //Fill out Contract Compliance Details\ncy.contractCompliance(country, state);",
              "err": {},
              "uuid": "ae54d8aa-fb22-4674-aded-f7171164f4b9",
              "parentUUID": "7b62a468-59d3-4ba6-8ab2-8c9badd9d128",
              "isHook": false,
              "skipped": false
            }
          ],
          "suites": [],
          "passes": [
            "ae54d8aa-fb22-4674-aded-f7171164f4b9"
          ],
          "failures": [],
          "pending": [],
          "skipped": [],
          "duration": 19511,
          "root": false,
          "rootEmpty": false,
          "_timeout": 2000
        }
      ],
      "passes": [],
      "failures": [],
      "pending": [],
      "skipped": [],
      "duration": 0,
      "root": true,
      "rootEmpty": true,
      "_timeout": 2000
    }
  ],
  "meta": {
    "mocha": {
      "version": "7.0.1"
    },
    "mochawesome": {
      "options": {
        "quiet": false,
        "reportFilename": "mochawesome",
        "saveHtml": false,
        "saveJson": true,
        "consoleReporter": "spec",
        "useInlineDiffs": false,
        "code": true
      },
      "version": "6.2.2"
    },
    "marge": {
      "options": {
        "reportDir": "cypress/reports/mocha",
        "overwrite": false,
        "html": false,
        "json": true,
        "timestamp": "mmddyyyy_HHMMss",
        "waitForAnimations": false,
        "animationDistanceThreshold": 50,
        "projectId": "suf2ua"
      },
      "version": "5.2.0"
    }
  }
}