{
  "stats": {
    "suites": 1,
    "tests": 1,
    "passes": 0,
    "pending": 0,
    "failures": 1,
    "start": "2021-07-18T22:04:42.685Z",
    "end": "2021-07-18T22:04:51.814Z",
    "duration": 9129,
    "testsRegistered": 1,
    "passPercent": 0,
    "pendingPercent": 0,
    "other": 0,
    "hasOther": false,
    "skipped": 0,
    "hasSkipped": false
  },
  "results": [
    {
      "uuid": "6a32208b-e594-4813-9375-59d9cc3280af",
      "title": "",
      "fullFile": "cypress/integration/1-CreateNewContract.spec.js",
      "file": "cypress/integration/1-CreateNewContract.spec.js",
      "beforeHooks": [],
      "afterHooks": [],
      "tests": [],
      "suites": [
        {
          "uuid": "ef7e4b67-c077-46f1-974f-3b33db106a15",
          "title": "Novo Usuario",
          "fullFile": "",
          "file": "",
          "beforeHooks": [],
          "afterHooks": [],
          "tests": [
            {
              "title": "Create new Contract",
              "fullTitle": "Novo Usuario Create new Contract",
              "timedOut": null,
              "duration": 9076,
              "state": "failed",
              "speed": null,
              "pass": false,
              "fail": true,
              "pending": false,
              "context": null,
              "code": "var login = \"silvafar@gmail.com\";\nvar password = \"Simone@Helo01\";\ncy.xpath('//input[@name=\"email\"]').type(login);\ncy.xpath('//input[@name=\"password\"]').type(password);\ncy.xpath('//button[@type=\"submit\"]').click();\ncy.xpath('//button[@data-qa=\"close\"]').click();\ncy.xpath('//h1[@data-qa=\"heading\"]').should('be.visible'); //Create contract\ncy.xpath('//p[contains(.,\"Create a Contract\")]').click();\ncy.xpath('//h4[contains(.,\"Fixed Rate\")]').click(); //data\nvar name = \"Contract test001\";\nvar title = \"Quality Assurance Engineer\";\nvar rate = \"1000\";\nvar currancy = \"GBP - British Pound\";\nvar per = \"Week\";\nvar country = \"United State\";\nvar state = \"Colorado\";\nvar clause = \"This is an automated test written in Cypress by tester Simone\"; //Contract name\ncy.xpath('//input[@name=\"name\"]').type(name);\ncy.xpath('//input[@name=\"jobTitle\"]').type(title);\ncy.xpath('//p[@class=\"suggestions-option\"]').click();\ncy.xpath('//div[@class=\"select__value-container css-1hwfws3\"][contains(.,\"Select...\")]').click();\ncy.xpath('//div[@id=\"react-select-2-option-0\"]').click();\ncy.xpath('//h6[contains(.,\"Saved/predefined scopes\")]').click();\ncy.xpath('//div[@class=\"scope-box\"][contains(.,\"Quality Assurance Engineer\")]').click();\ncy.xpath('//div[@name=\"effectiveDate\"]').click();\ncy.xpath('//abbr[contains(.,\"16\")]').click();\ncy.xpath('//button[@class=\"button mb-7 w-100\"][contains(.,\"next\")]').click(); //Another page\ncy.xpath('//input[@name=\"rate\"]').type(rate);\ncy.xpath('//div[@class=\"select__single-value css-1uccc91-singleValue\"][contains(.,\"USD - US Dollar\")]').type(currancy);\ncy.xpath('//div[@id=\"react-select-3-option-37\"]').click();\ncy.xpath('//div[@class=\"select__value-container select__value-container--has-value css-1hwfws3\"][contains(.,\"Month\")]').type(per);\ncy.xpath('//div[@id=\"react-select-4-option-0\"]').click(); //next\ncy.xpath('(//div[contains(.,\"next\")])[6]').click();\ncy.xpath('(//div[contains(.,\"next\")])[8]').click(); //Add in a Special Clause\ncy.xpath('(//div[contains(.,\"add a special clause\")])[10]').click();\ncy.xpath('//textarea[@maxlength=\"10000\"]').type(clause);\ncy.xpath('(//div[contains(.,\"next\")])[7]').click(); //select tax residence country\ncy.xpath('//div[@class=\"select__placeholder css-1wa3eu0-placeholder\"]').type(country);\ncy.xpath('//div[@class=\"select__option select__option--is-focused css-1n7v3ny-option\"][contains(.,\"United States\")]').click(); //select tax residence state\ncy.xpath('//div[@class=\"select__value-container css-1hwfws3\"]').type(state);\ncy.xpath('//div[@class=\"select__option select__option--is-focused css-1n7v3ny-option\"][contains(.,\"Colorado\")]').click();\ncy.xpath('(//div[contains(.,\"create contract\")])[7]').click();\ncy.xpath('//div[@class=\"font-12 mb-4\"]', {\n  timeout: 10000\n}).should('be.visible');",
              "err": {
                "message": "AssertionError: Timed out retrying after 4000ms: Expected to find element: `//button[@data-qa=\"close\"]`, but never found it.",
                "estack": "AssertionError: Timed out retrying after 4000ms: Expected to find element: `//button[@data-qa=\"close\"]`, but never found it.\n    at Context.eval (https://dev.deel.wtf/__cypress/tests?p=cypress/integration/1-CreateNewContract.spec.js:7280:8)",
                "diff": null
              },
              "uuid": "e42a4003-4add-4525-9e09-df2a4720f173",
              "parentUUID": "ef7e4b67-c077-46f1-974f-3b33db106a15",
              "isHook": false,
              "skipped": false
            }
          ],
          "suites": [],
          "passes": [],
          "failures": [
            "e42a4003-4add-4525-9e09-df2a4720f173"
          ],
          "pending": [],
          "skipped": [],
          "duration": 9076,
          "root": false,
          "rootEmpty": false,
          "_timeout": 2000
        }
      ],
      "passes": [],
      "failures": [],
      "pending": [],
      "skipped": [],
      "duration": 0,
      "root": true,
      "rootEmpty": true,
      "_timeout": 2000
    }
  ],
  "meta": {
    "mocha": {
      "version": "7.0.1"
    },
    "mochawesome": {
      "options": {
        "quiet": false,
        "reportFilename": "mochawesome",
        "saveHtml": false,
        "saveJson": true,
        "consoleReporter": "spec",
        "useInlineDiffs": false,
        "code": true
      },
      "version": "6.2.2"
    },
    "marge": {
      "options": {
        "reportDir": "cypress/reports/mocha",
        "overwrite": false,
        "html": false,
        "json": true,
        "timestamp": "mmddyyyy_HHMMss",
        "waitForAnimations": false,
        "animationDistanceThreshold": 50,
        "projectId": "suf2ua"
      },
      "version": "5.2.0"
    }
  }
}