{
  "stats": {
    "suites": 1,
    "tests": 7,
    "passes": 7,
    "pending": 0,
    "failures": 0,
    "start": "2021-07-20T16:32:13.634Z",
    "end": "2021-07-20T16:32:34.220Z",
    "duration": 20586,
    "testsRegistered": 7,
    "passPercent": 100,
    "pendingPercent": 0,
    "other": 0,
    "hasOther": false,
    "skipped": 0,
    "hasSkipped": false
  },
  "results": [
    {
      "uuid": "bb65d4a0-78ff-45c5-86d4-9ff795da9657",
      "title": "",
      "fullFile": "cypress/integration/2-CreateContract.spec.js",
      "file": "cypress/integration/2-CreateContract.spec.js",
      "beforeHooks": [],
      "afterHooks": [],
      "tests": [],
      "suites": [
        {
          "uuid": "1322a108-c72f-48d3-b270-c88eac3a8ee7",
          "title": "Create New Fixed Contract",
          "fullFile": "",
          "file": "",
          "beforeHooks": [],
          "afterHooks": [],
          "tests": [
            {
              "title": "Doing Login",
              "fullTitle": "Create New Fixed Contract Doing Login",
              "timedOut": null,
              "duration": 7818,
              "state": "passed",
              "speed": "slow",
              "pass": true,
              "fail": false,
              "pending": false,
              "context": null,
              "code": "cy.visit(\"https://dev.deel.wtf/login\");\nvar login = \"silvafar@gmail.com\";\nvar password = \"Simone@Helo01\";\ncy.xpath('//input[@name=\"email\"]').type(login);\ncy.xpath('//input[@name=\"password\"]').type(password);\ncy.xpath('//button[@type=\"submit\"]').click();\ncy.xpath('//button[@data-qa=\"close\"]').should('be.visible').click();\ncy.xpath('//h1[@data-qa=\"heading\"]').should('be.visible');",
              "err": {},
              "uuid": "0c9fdf26-f442-41c9-9021-13ae7f957908",
              "parentUUID": "1322a108-c72f-48d3-b270-c88eac3a8ee7",
              "isHook": false,
              "skipped": false
            },
            {
              "title": "Creating a fixed contract",
              "fullTitle": "Create New Fixed Contract Creating a fixed contract",
              "timedOut": null,
              "duration": 334,
              "state": "passed",
              "speed": "slow",
              "pass": true,
              "fail": false,
              "pending": false,
              "context": null,
              "code": "cy.xpath('//p[contains(.,\"Create a Contract\")]').click();\ncy.xpath('//h4[contains(.,\"Fixed Rate\")]').click();",
              "err": {},
              "uuid": "aa4144d6-90d1-4473-b655-9a13bc701b87",
              "parentUUID": "1322a108-c72f-48d3-b270-c88eac3a8ee7",
              "isHook": false,
              "skipped": false
            },
            {
              "title": "Filling out fields to create a fixed contract",
              "fullTitle": "Create New Fixed Contract Filling out fields to create a fixed contract",
              "timedOut": null,
              "duration": 3056,
              "state": "passed",
              "speed": "slow",
              "pass": true,
              "fail": false,
              "pending": false,
              "context": null,
              "code": "var name = \"Contract Test001\";\nvar title = \"Quality Assurance Engineer\";\nvar dateStart = new Date();\nvar dateSet = dateStart.getUTCDate();\nvar yesterday = dateSet - 1;\ncy.creatingFixedContract(name, title, yesterday);",
              "err": {},
              "uuid": "3296f407-4bdd-4309-af64-2111ddfc4d99",
              "parentUUID": "1322a108-c72f-48d3-b270-c88eac3a8ee7",
              "isHook": false,
              "skipped": false
            },
            {
              "title": "Filling out fields Define the rate",
              "fullTitle": "Create New Fixed Contract Filling out fields Define the rate",
              "timedOut": null,
              "duration": 1071,
              "state": "passed",
              "speed": "slow",
              "pass": true,
              "fail": false,
              "pending": false,
              "context": null,
              "code": "var rate = \"1000\";\nvar currency = \"GBP - British Pound\";\nvar per = \"Week\";\ncy.defineRate(rate, currency, per);",
              "err": {},
              "uuid": "263da23b-e9f3-42ef-80e7-e1dee92974f1",
              "parentUUID": "1322a108-c72f-48d3-b270-c88eac3a8ee7",
              "isHook": false,
              "skipped": false
            },
            {
              "title": "Next",
              "fullTitle": "Create New Fixed Contract Next",
              "timedOut": null,
              "duration": 207,
              "state": "passed",
              "speed": "slow",
              "pass": true,
              "fail": false,
              "pending": false,
              "context": null,
              "code": "cy.xpath('(//div[contains(.,\"next\")])[6]').click();\ncy.xpath('(//div[contains(.,\"next\")])[8]').click();",
              "err": {},
              "uuid": "f1015b22-52cb-44b3-987e-0b13a23dc336",
              "parentUUID": "1322a108-c72f-48d3-b270-c88eac3a8ee7",
              "isHook": false,
              "skipped": false
            },
            {
              "title": "Adding a special clause",
              "fullTitle": "Create New Fixed Contract Adding a special clause",
              "timedOut": null,
              "duration": 1124,
              "state": "passed",
              "speed": "slow",
              "pass": true,
              "fail": false,
              "pending": false,
              "context": null,
              "code": "var clause = \"This is an automated test written in Cypress by tester Simone\";\ncy.specialClause(clause);",
              "err": {},
              "uuid": "de430ba8-1232-440d-bd45-22cab40b4d79",
              "parentUUID": "1322a108-c72f-48d3-b270-c88eac3a8ee7",
              "isHook": false,
              "skipped": false
            },
            {
              "title": "Selecting contract compliance details",
              "fullTitle": "Create New Fixed Contract Selecting contract compliance details",
              "timedOut": null,
              "duration": 6878,
              "state": "passed",
              "speed": "slow",
              "pass": true,
              "fail": false,
              "pending": false,
              "context": null,
              "code": "var country = \"United State\";\nvar state = \"Colorado\";\ncy.contractCompliance(country, state);",
              "err": {},
              "uuid": "924dc08f-0981-4c6e-8a00-83c2f7ab0d61",
              "parentUUID": "1322a108-c72f-48d3-b270-c88eac3a8ee7",
              "isHook": false,
              "skipped": false
            }
          ],
          "suites": [],
          "passes": [
            "0c9fdf26-f442-41c9-9021-13ae7f957908",
            "aa4144d6-90d1-4473-b655-9a13bc701b87",
            "3296f407-4bdd-4309-af64-2111ddfc4d99",
            "263da23b-e9f3-42ef-80e7-e1dee92974f1",
            "f1015b22-52cb-44b3-987e-0b13a23dc336",
            "de430ba8-1232-440d-bd45-22cab40b4d79",
            "924dc08f-0981-4c6e-8a00-83c2f7ab0d61"
          ],
          "failures": [],
          "pending": [],
          "skipped": [],
          "duration": 20488,
          "root": false,
          "rootEmpty": false,
          "_timeout": 2000
        }
      ],
      "passes": [],
      "failures": [],
      "pending": [],
      "skipped": [],
      "duration": 0,
      "root": true,
      "rootEmpty": true,
      "_timeout": 2000
    }
  ],
  "meta": {
    "mocha": {
      "version": "7.0.1"
    },
    "mochawesome": {
      "options": {
        "quiet": false,
        "reportFilename": "mochawesome",
        "saveHtml": false,
        "saveJson": true,
        "consoleReporter": "spec",
        "useInlineDiffs": false,
        "code": true
      },
      "version": "6.2.2"
    },
    "marge": {
      "options": {
        "reportDir": "cypress/reports/mocha",
        "overwrite": false,
        "html": false,
        "json": true,
        "timestamp": "mmddyyyy_HHMMss",
        "waitForAnimations": false,
        "animationDistanceThreshold": 50,
        "projectId": "suf2ua"
      },
      "version": "5.2.0"
    }
  }
}